<?xml version="1.0" encoding="utf-8" ?>
<!DOCTYPE html PUBLIC "-//W3C//DTD XHTML 1.0 Strict//EN"
        "http://www.w3.org/TR/xhtml1/DTD/xhtml1-strict.dtd">
<html xmlns="http://www.w3.org/1999/xhtml" xml:lang="" lang="">
<head>
  <title>Test Results Report - Run on Chrome</title>
  <meta http-equiv="Content-Type" content="text/html;charset=utf-8" />
  <meta name="description" content="TestNG unit test results." />
  <link href="reportng.css" rel="stylesheet" type="text/css" />
    <script type="text/javascript" src="reportng.js"></script>
</head>
<body>
<h1>Run on Chrome</h1>
<p>
  Test duration: 30.006s
</p>



  <table class="resultsTable">
    <tr><th colspan="3" class="header failed">Failed Tests</th></tr>
          <tr>
        <td colspan="3" class="group">testcase.Testcase_MyAccount_Page</td>
      </tr>
            
<tr>
  <td class="method">
                  Testcase_04_My_Product_Review
      </td>
  <td class="duration">
    3.370s
  </td>
  <td class="result">
        
    
        

        <a href="javascript:toggleElement('exception-0', 'block')" title="Click to expand/collapse"><b>java.lang.RuntimeException: java.lang.Exception: ------ Khong ton tai gia tri EXPECTED nay!!! ------</b></a><br />
    <div class="stackTrace" id="exception-0">
              commons.AbstractPage.throwException(AbstractPage.java:334)<br />
              commons.AbstractPage.getItemInListItem(AbstractPage.java:314)<br />
              object.MyAccountPageObject.verifyProductAdded(MyAccountPageObject.java:223)<br />
              testcase.Testcase_MyAccount_Page.Testcase_04_My_Product_Review(Testcase_MyAccount_Page.java:298)<br />
              java.base/jdk.internal.reflect.NativeMethodAccessorImpl.invoke0(Native Method)<br />
              java.base/jdk.internal.reflect.NativeMethodAccessorImpl.invoke(NativeMethodAccessorImpl.java:77)<br />
              java.base/jdk.internal.reflect.DelegatingMethodAccessorImpl.invoke(DelegatingMethodAccessorImpl.java:43)<br />
              java.base/java.lang.reflect.Method.invoke(Method.java:568)<br />
              org.testng.internal.invokers.MethodInvocationHelper.invokeMethod(MethodInvocationHelper.java:139)<br />
              org.testng.internal.invokers.TestInvoker.invokeMethod(TestInvoker.java:677)<br />
              org.testng.internal.invokers.TestInvoker.invokeTestMethod(TestInvoker.java:221)<br />
              org.testng.internal.invokers.MethodRunner.runInSequence(MethodRunner.java:50)<br />
              org.testng.internal.invokers.TestInvoker$MethodInvocationAgent.invoke(TestInvoker.java:969)<br />
              org.testng.internal.invokers.TestInvoker.invokeTestMethods(TestInvoker.java:194)<br />
              org.testng.internal.invokers.TestMethodWorker.invokeTestMethods(TestMethodWorker.java:148)<br />
              org.testng.internal.invokers.TestMethodWorker.run(TestMethodWorker.java:128)<br />
              java.base/java.util.ArrayList.forEach(ArrayList.java:1511)<br />
              org.testng.TestRunner.privateRun(TestRunner.java:829)<br />
              org.testng.TestRunner.run(TestRunner.java:602)<br />
              org.testng.SuiteRunner.runTest(SuiteRunner.java:437)<br />
              org.testng.SuiteRunner.runSequentially(SuiteRunner.java:431)<br />
              org.testng.SuiteRunner.privateRun(SuiteRunner.java:391)<br />
              org.testng.SuiteRunner.run(SuiteRunner.java:330)<br />
              org.testng.SuiteRunnerWorker.runSuite(SuiteRunnerWorker.java:52)<br />
              org.testng.SuiteRunnerWorker.run(SuiteRunnerWorker.java:95)<br />
              org.testng.TestNG.runSuitesSequentially(TestNG.java:1256)<br />
              org.testng.TestNG.runSuitesLocally(TestNG.java:1176)<br />
              org.testng.TestNG.runSuites(TestNG.java:1099)<br />
              org.testng.TestNG.run(TestNG.java:1067)<br />
              com.intellij.rt.testng.IDEARemoteTestNG.run(IDEARemoteTestNG.java:65)<br />
              com.intellij.rt.testng.RemoteTestNGStarter.main(RemoteTestNGStarter.java:105)<br />
                    <b>Caused by: </b> <a href="javascript:toggleElement('exception-1', 'block')" title="Click to expand/collapse">java.lang.Exception: ------ Khong ton tai gia tri EXPECTED nay!!! ------</a><br />
        <div class="stackTrace" id="exception-1">
                      commons.AbstractPage.throwException(AbstractPage.java:332)<br />
                      commons.AbstractPage.getItemInListItem(AbstractPage.java:314)<br />
                      object.MyAccountPageObject.verifyProductAdded(MyAccountPageObject.java:223)<br />
                      testcase.Testcase_MyAccount_Page.Testcase_04_My_Product_Review(Testcase_MyAccount_Page.java:298)<br />
                      java.base/jdk.internal.reflect.NativeMethodAccessorImpl.invoke0(Native Method)<br />
                      java.base/jdk.internal.reflect.NativeMethodAccessorImpl.invoke(NativeMethodAccessorImpl.java:77)<br />
                      java.base/jdk.internal.reflect.DelegatingMethodAccessorImpl.invoke(DelegatingMethodAccessorImpl.java:43)<br />
                      java.base/java.lang.reflect.Method.invoke(Method.java:568)<br />
                      org.testng.internal.invokers.MethodInvocationHelper.invokeMethod(MethodInvocationHelper.java:139)<br />
                      org.testng.internal.invokers.TestInvoker.invokeMethod(TestInvoker.java:677)<br />
                      org.testng.internal.invokers.TestInvoker.invokeTestMethod(TestInvoker.java:221)<br />
                      org.testng.internal.invokers.MethodRunner.runInSequence(MethodRunner.java:50)<br />
                      org.testng.internal.invokers.TestInvoker$MethodInvocationAgent.invoke(TestInvoker.java:969)<br />
                      org.testng.internal.invokers.TestInvoker.invokeTestMethods(TestInvoker.java:194)<br />
                      org.testng.internal.invokers.TestMethodWorker.invokeTestMethods(TestMethodWorker.java:148)<br />
                      org.testng.internal.invokers.TestMethodWorker.run(TestMethodWorker.java:128)<br />
                      java.base/java.util.ArrayList.forEach(ArrayList.java:1511)<br />
                      org.testng.TestRunner.privateRun(TestRunner.java:829)<br />
                      org.testng.TestRunner.run(TestRunner.java:602)<br />
                      org.testng.SuiteRunner.runTest(SuiteRunner.java:437)<br />
                      org.testng.SuiteRunner.runSequentially(SuiteRunner.java:431)<br />
                      org.testng.SuiteRunner.privateRun(SuiteRunner.java:391)<br />
                      org.testng.SuiteRunner.run(SuiteRunner.java:330)<br />
                      org.testng.SuiteRunnerWorker.runSuite(SuiteRunnerWorker.java:52)<br />
                      org.testng.SuiteRunnerWorker.run(SuiteRunnerWorker.java:95)<br />
                      org.testng.TestNG.runSuitesSequentially(TestNG.java:1256)<br />
                      org.testng.TestNG.runSuitesLocally(TestNG.java:1176)<br />
                      org.testng.TestNG.runSuites(TestNG.java:1099)<br />
                      org.testng.TestNG.run(TestNG.java:1067)<br />
                      com.intellij.rt.testng.IDEARemoteTestNG.run(IDEARemoteTestNG.java:65)<br />
                      com.intellij.rt.testng.RemoteTestNGStarter.main(RemoteTestNGStarter.java:105)<br />
                  </div>
          </div>
      </td>
</tr>
      </table>


  <table class="resultsTable">
    <tr><th colspan="3" class="header passed">Passed Tests</th></tr>
          <tr>
        <td colspan="3" class="group">testcase.Testcase_Login_Page</td>
      </tr>
            
<tr>
  <td class="method">
                  Testcase_01_Login_with_empty_data
      </td>
  <td class="duration">
    0.157s
  </td>
  <td class="result">
        
    
        

      </td>
</tr>
<tr>
  <td class="method">
                  Testcase_02_Login_with_invalid_email
      </td>
  <td class="duration">
    0.547s
  </td>
  <td class="result">
        
    
        

      </td>
</tr>
<tr>
  <td class="method">
                  Testcase_03_Login_with_email_not_register
      </td>
  <td class="duration">
    0.771s
  </td>
  <td class="result">
        
    
        

      </td>
</tr>
<tr>
  <td class="method">
                  Testcase_04_Login_with_email_registered_and_not_input_password
      </td>
  <td class="duration">
    0.808s
  </td>
  <td class="result">
        
    
        

      </td>
</tr>
<tr>
  <td class="method">
                  Testcase_05_Login_with_email_registered_and_password_incorrect
      </td>
  <td class="duration">
    0.959s
  </td>
  <td class="result">
        
    
        

      </td>
</tr>
<tr>
  <td class="method">
                  Testcase_06_Login_with_correct_email_and_correct_password
      </td>
  <td class="duration">
    1.175s
  </td>
  <td class="result">
        
    
        

      </td>
</tr>
          <tr>
        <td colspan="3" class="group">testcase.Testcase_MyAccount_Page</td>
      </tr>
            
<tr>
  <td class="method">
                  Testcase_01_Update_information_user
      </td>
  <td class="duration">
    2.196s
  </td>
  <td class="result">
        
    
        

      </td>
</tr>
<tr>
  <td class="method">
                  Testcase_02_Add_address
      </td>
  <td class="duration">
    2.786s
  </td>
  <td class="result">
        
    
        

      </td>
</tr>
<tr>
  <td class="method">
                  Testcase_03_Change_password
      </td>
  <td class="duration">
    3.806s
  </td>
  <td class="result">
        
    
        

      </td>
</tr>
          <tr>
        <td colspan="3" class="group">testcase.Testcase_Register_Page</td>
      </tr>
            
<tr>
  <td class="method">
                  Testcase_01_Register_with_empty_data
      </td>
  <td class="duration">
    1.789s
  </td>
  <td class="result">
        
    
        

      </td>
</tr>
<tr>
  <td class="method">
                  Testcase_02_Register_with_invalid_email
      </td>
  <td class="duration">
    0.906s
  </td>
  <td class="result">
        
    
        

      </td>
</tr>
<tr>
  <td class="method">
                  Testcase_03_Register_successfully
      </td>
  <td class="duration">
    1.838s
  </td>
  <td class="result">
        
    
        

      </td>
</tr>
<tr>
  <td class="method">
                  Testcase_04_Register_duplicate_email
      </td>
  <td class="duration">
    1.350s
  </td>
  <td class="result">
        
    
        

      </td>
</tr>
<tr>
  <td class="method">
                  Testcase_05_Register_with_password_less_than_6_characters
      </td>
  <td class="duration">
    0.587s
  </td>
  <td class="result">
        
    
        

      </td>
</tr>
<tr>
  <td class="method">
                  Testcase_06_Register_with_confirm_password_not_match_password
      </td>
  <td class="duration">
    0.629s
  </td>
  <td class="result">
        
    
        

      </td>
</tr>
      </table>
  
</body>
</html>
