{"uuid":"303c4015-1b1a-46d1-91ed-fa8f5da0e47c","historyId":"447aa80e89ed78b1b314ea2174134edc","fullName":"testcase.Testcase_MyAccount_Page.Testcase_02_Add_address","labels":[{"name":"package","value":"testcase.Testcase_MyAccount_Page"},{"name":"testClass","value":"testcase.Testcase_MyAccount_Page"},{"name":"testMethod","value":"Testcase_02_Add_address"},{"name":"parentSuite","value":"NopCommerce"},{"name":"suite","value":"Run on Chrome"},{"name":"subSuite","value":"testcase.Testcase_MyAccount_Page"},{"name":"host","value":"HuyBeTi"},{"name":"thread","value":"28064@HuyBeTi.main(1)"},{"name":"framework","value":"testng"},{"name":"language","value":"java"},{"name":"feature","value":"User"},{"name":"epic","value":"Regresstion Test"},{"name":"severity","value":"normal"}],"links":[],"name":"Testcase_02_Add_address","status":"broken","statusDetails":{"known":false,"muted":false,"flaky":false,"message":"no such element: Unable to locate element: {\"method\":\"xpath\",\"selector\":\"//li[@class='city-state-zip']\"}\n  (Session info: chrome=124.0.6367.91)\nFor documentation on this error, please visit: https://www.seleniumhq.org/exceptions/no_such_element.html\nBuild info: version: '3.141.59', revision: 'e82be7d358', time: '2018-11-14T08:17:03'\nSystem info: host: 'HUYBETI', ip: '192.168.1.11', os.name: 'Windows 10', os.arch: 'amd64', os.version: '10.0', java.version: '22.0.1'\nDriver info: org.openqa.selenium.chrome.ChromeDriver\nCapabilities {acceptInsecureCerts: false, browserName: chrome, browserVersion: 124.0.6367.91, chrome: {chromedriverVersion: 124.0.6367.91 (51df0e5e17a8..., userDataDir: C:\\Users\\ASUSRO~1\\AppData\\L...}, fedcm:accounts: true, goog:chromeOptions: {debuggerAddress: localhost:62601}, javascriptEnabled: true, networkConnectionEnabled: false, pageLoadStrategy: normal, platform: WINDOWS, platformName: WINDOWS, proxy: Proxy(), setWindowRect: true, strictFileInteractability: false, timeouts: {implicit: 0, pageLoad: 300000, script: 30000}, unhandledPromptBehavior: dismiss and notify, webauthn:extension:credBlob: true, webauthn:extension:largeBlob: true, webauthn:extension:minPinLength: true, webauthn:extension:prf: true, webauthn:virtualAuthenticators: true}\nSession ID: 9bd934cb7104e784163e61d3167caf0a\n*** Element info: {Using=xpath, value=//li[@class='city-state-zip']}","trace":"org.openqa.selenium.NoSuchElementException: no such element: Unable to locate element: {\"method\":\"xpath\",\"selector\":\"//li[@class='city-state-zip']\"}\n  (Session info: chrome=124.0.6367.91)\nFor documentation on this error, please visit: https://www.seleniumhq.org/exceptions/no_such_element.html\nBuild info: version: '3.141.59', revision: 'e82be7d358', time: '2018-11-14T08:17:03'\nSystem info: host: 'HUYBETI', ip: '192.168.1.11', os.name: 'Windows 10', os.arch: 'amd64', os.version: '10.0', java.version: '22.0.1'\nDriver info: org.openqa.selenium.chrome.ChromeDriver\nCapabilities {acceptInsecureCerts: false, browserName: chrome, browserVersion: 124.0.6367.91, chrome: {chromedriverVersion: 124.0.6367.91 (51df0e5e17a8..., userDataDir: C:\\Users\\ASUSRO~1\\AppData\\L...}, fedcm:accounts: true, goog:chromeOptions: {debuggerAddress: localhost:62601}, javascriptEnabled: true, networkConnectionEnabled: false, pageLoadStrategy: normal, platform: WINDOWS, platformName: WINDOWS, proxy: Proxy(), setWindowRect: true, strictFileInteractability: false, timeouts: {implicit: 0, pageLoad: 300000, script: 30000}, unhandledPromptBehavior: dismiss and notify, webauthn:extension:credBlob: true, webauthn:extension:largeBlob: true, webauthn:extension:minPinLength: true, webauthn:extension:prf: true, webauthn:virtualAuthenticators: true}\nSession ID: 9bd934cb7104e784163e61d3167caf0a\n*** Element info: {Using=xpath, value=//li[@class='city-state-zip']}\r\n\tat java.base/jdk.internal.reflect.DirectConstructorHandleAccessor.newInstance(DirectConstructorHandleAccessor.java:62)\r\n\tat java.base/java.lang.reflect.Constructor.newInstanceWithCaller(Constructor.java:502)\r\n\tat java.base/java.lang.reflect.Constructor.newInstance(Constructor.java:486)\r\n\tat org.openqa.selenium.remote.http.W3CHttpResponseCodec.createException(W3CHttpResponseCodec.java:187)\r\n\tat org.openqa.selenium.remote.http.W3CHttpResponseCodec.decode(W3CHttpResponseCodec.java:122)\r\n\tat org.openqa.selenium.remote.http.W3CHttpResponseCodec.decode(W3CHttpResponseCodec.java:49)\r\n\tat org.openqa.selenium.remote.HttpCommandExecutor.execute(HttpCommandExecutor.java:158)\r\n\tat org.openqa.selenium.remote.service.DriverCommandExecutor.execute(DriverCommandExecutor.java:83)\r\n\tat org.openqa.selenium.remote.RemoteWebDriver.execute(RemoteWebDriver.java:552)\r\n\tat org.openqa.selenium.remote.RemoteWebDriver.findElement(RemoteWebDriver.java:323)\r\n\tat org.openqa.selenium.remote.RemoteWebDriver.findElementByXPath(RemoteWebDriver.java:428)\r\n\tat org.openqa.selenium.By$ByXPath.findElement(By.java:353)\r\n\tat org.openqa.selenium.remote.RemoteWebDriver.findElement(RemoteWebDriver.java:315)\r\n\tat commons.AbstractPage.find(AbstractPage.java:113)\r\n\tat commons.AbstractPage.getTextElement(AbstractPage.java:188)\r\n\tat object.MyAccountPageObject.verifyCityStateZip(MyAccountPageObject.java:209)\r\n\tat testcase.Testcase_MyAccount_Page.Testcase_02_Add_address(Testcase_MyAccount_Page.java:145)\r\n\tat java.base/jdk.internal.reflect.DirectMethodHandleAccessor.invoke(DirectMethodHandleAccessor.java:103)\r\n\tat java.base/java.lang.reflect.Method.invoke(Method.java:580)\r\n\tat org.testng.internal.MethodInvocationHelper.invokeMethod(MethodInvocationHelper.java:133)\r\n\tat org.testng.internal.TestInvoker.invokeMethod(TestInvoker.java:598)\r\n\tat org.testng.internal.TestInvoker.invokeTestMethod(TestInvoker.java:173)\r\n\tat org.testng.internal.MethodRunner.runInSequence(MethodRunner.java:46)\r\n\tat org.testng.internal.TestInvoker$MethodInvocationAgent.invoke(TestInvoker.java:824)\r\n\tat org.testng.internal.TestInvoker.invokeTestMethods(TestInvoker.java:146)\r\n\tat org.testng.internal.TestMethodWorker.invokeTestMethods(TestMethodWorker.java:146)\r\n\tat org.testng.internal.TestMethodWorker.run(TestMethodWorker.java:128)\r\n\tat java.base/java.util.ArrayList.forEach(ArrayList.java:1597)\r\n\tat org.testng.TestRunner.privateRun(TestRunner.java:794)\r\n\tat org.testng.TestRunner.run(TestRunner.java:596)\r\n\tat org.testng.SuiteRunner.runTest(SuiteRunner.java:377)\r\n\tat org.testng.SuiteRunner.runSequentially(SuiteRunner.java:371)\r\n\tat org.testng.SuiteRunner.privateRun(SuiteRunner.java:332)\r\n\tat org.testng.SuiteRunner.run(SuiteRunner.java:276)\r\n\tat org.testng.SuiteRunnerWorker.runSuite(SuiteRunnerWorker.java:53)\r\n\tat org.testng.SuiteRunnerWorker.run(SuiteRunnerWorker.java:96)\r\n\tat org.testng.TestNG.runSuitesSequentially(TestNG.java:1212)\r\n\tat org.testng.TestNG.runSuitesLocally(TestNG.java:1134)\r\n\tat org.testng.TestNG.runSuites(TestNG.java:1063)\r\n\tat org.testng.TestNG.run(TestNG.java:1031)\r\n\tat com.intellij.rt.testng.IDEARemoteTestNG.run(IDEARemoteTestNG.java:65)\r\n\tat com.intellij.rt.testng.RemoteTestNGStarter.main(RemoteTestNGStarter.java:105)\r\n"},"stage":"finished","description":"Add new address and check update successfully","steps":[{"name":"Click to Address Link","status":"passed","stage":"finished","steps":[],"attachments":[],"parameters":[],"start":1714564081872,"stop":1714564082270},{"name":"Click to Add New button","status":"passed","stage":"finished","steps":[],"attachments":[],"parameters":[],"start":1714564082272,"stop":1714564082721},{"name":"Input to first name textbox with value Automation","status":"passed","stage":"finished","steps":[],"attachments":[],"parameters":[{"name":"firstName","value":"Automation"}],"start":1714564082721,"stop":1714564082860},{"name":"Input to last name textbox with value FC","status":"passed","stage":"finished","steps":[],"attachments":[],"parameters":[{"name":"lastName","value":"FC"}],"start":1714564082860,"stop":1714564082987},{"name":"Input to email textbox with value automationfc.vn@gmail.com","status":"passed","stage":"finished","steps":[],"attachments":[],"parameters":[{"name":"email","value":"automationfc.vn@gmail.com"}],"start":1714564082988,"stop":1714564083128},{"name":"Input to company textbox with value Automation FC","status":"passed","stage":"finished","steps":[],"attachments":[],"parameters":[{"name":"company","value":"Automation FC"}],"start":1714564083128,"stop":1714564083263},{"name":"Select value in country dropdown list with value Viet Nam","status":"passed","stage":"finished","steps":[],"attachments":[],"parameters":[{"name":"valueCountry","value":"Viet Nam"}],"start":1714564083263,"stop":1714564083365},{"name":"Input to city textbox with value Da Nang","status":"passed","stage":"finished","steps":[],"attachments":[],"parameters":[{"name":"city","value":"Da Nang"}],"start":1714564083366,"stop":1714564083490},{"name":"Input to Address 1 textbox with value 123/04 Le Lai","status":"passed","stage":"finished","steps":[],"attachments":[],"parameters":[{"name":"address1","value":"123/04 Le Lai"}],"start":1714564083490,"stop":1714564083655},{"name":"Input to Address 2 textbox with value 234/05 Hai Phong","status":"passed","stage":"finished","steps":[],"attachments":[],"parameters":[{"name":"address2","value":"234/05 Hai Phong"}],"start":1714564083655,"stop":1714564083793},{"name":"Input to zip code textbox with value 550000","status":"passed","stage":"finished","steps":[],"attachments":[],"parameters":[{"name":"zipCode","value":"550000"}],"start":1714564083793,"stop":1714564083919},{"name":"Input to phone number textbox with value 0123456789","status":"passed","stage":"finished","steps":[],"attachments":[],"parameters":[{"name":"phone","value":"0123456789"}],"start":1714564083919,"stop":1714564084069},{"name":"Input to fax number textbox with value 0987654321","status":"passed","stage":"finished","steps":[],"attachments":[],"parameters":[{"name":"fax","value":"0987654321"}],"start":1714564084069,"stop":1714564084201},{"name":"Click to Save button","status":"passed","stage":"finished","steps":[],"attachments":[],"parameters":[],"start":1714564084201,"stop":1714564085007},{"name":"Verify name (first + last name) is displayed is Automation FC","status":"passed","stage":"finished","steps":[],"attachments":[],"parameters":[{"name":"expected","value":"Automation FC"}],"start":1714564085008,"stop":1714564085045},{"name":"Verify email is displayed is Email: automationfc.vn@gmail.com","status":"passed","stage":"finished","steps":[],"attachments":[],"parameters":[{"name":"expected","value":"Email: automationfc.vn@gmail.com"}],"start":1714564085045,"stop":1714564085108},{"name":"Verify phone number is displayed is Phone number: 0123456789","status":"passed","stage":"finished","steps":[],"attachments":[],"parameters":[{"name":"expected","value":"Phone number: 0123456789"}],"start":1714564085108,"stop":1714564085165},{"name":"Verify fax number is displayed is Fax number: 0987654321","status":"passed","stage":"finished","steps":[],"attachments":[],"parameters":[{"name":"expected","value":"Fax number: 0987654321"}],"start":1714564085165,"stop":1714564085196},{"name":"Verify company is displayed is Automation FC","status":"passed","stage":"finished","steps":[],"attachments":[],"parameters":[{"name":"expected","value":"Automation FC"}],"start":1714564085196,"stop":1714564085233},{"name":"Verify address 1 is displayed is 123/04 Le Lai","status":"passed","stage":"finished","steps":[],"attachments":[],"parameters":[{"name":"expected","value":"123/04 Le Lai"}],"start":1714564085233,"stop":1714564085272},{"name":"Verify address 2 is displayed is 234/05 Hai Phong","status":"passed","stage":"finished","steps":[],"attachments":[],"parameters":[{"name":"expected","value":"234/05 Hai Phong"}],"start":1714564085272,"stop":1714564085301},{"name":"Verify city + state + zip is displayed is Da Nang, 550000","status":"broken","statusDetails":{"known":false,"muted":false,"flaky":false,"message":"no such element: Unable to locate element: {\"method\":\"xpath\",\"selector\":\"//li[@class='city-state-zip']\"}\n  (Session info: chrome=124.0.6367.91)\nFor documentation on this error, please visit: https://www.seleniumhq.org/exceptions/no_such_element.html\nBuild info: version: '3.141.59', revision: 'e82be7d358', time: '2018-11-14T08:17:03'\nSystem info: host: 'HUYBETI', ip: '192.168.1.11', os.name: 'Windows 10', os.arch: 'amd64', os.version: '10.0', java.version: '22.0.1'\nDriver info: org.openqa.selenium.chrome.ChromeDriver\nCapabilities {acceptInsecureCerts: false, browserName: chrome, browserVersion: 124.0.6367.91, chrome: {chromedriverVersion: 124.0.6367.91 (51df0e5e17a8..., userDataDir: C:\\Users\\ASUSRO~1\\AppData\\L...}, fedcm:accounts: true, goog:chromeOptions: {debuggerAddress: localhost:62601}, javascriptEnabled: true, networkConnectionEnabled: false, pageLoadStrategy: normal, platform: WINDOWS, platformName: WINDOWS, proxy: Proxy(), setWindowRect: true, strictFileInteractability: false, timeouts: {implicit: 0, pageLoad: 300000, script: 30000}, unhandledPromptBehavior: dismiss and notify, webauthn:extension:credBlob: true, webauthn:extension:largeBlob: true, webauthn:extension:minPinLength: true, webauthn:extension:prf: true, webauthn:virtualAuthenticators: true}\nSession ID: 9bd934cb7104e784163e61d3167caf0a\n*** Element info: {Using=xpath, value=//li[@class='city-state-zip']}","trace":"org.openqa.selenium.NoSuchElementException: no such element: Unable to locate element: {\"method\":\"xpath\",\"selector\":\"//li[@class='city-state-zip']\"}\n  (Session info: chrome=124.0.6367.91)\nFor documentation on this error, please visit: https://www.seleniumhq.org/exceptions/no_such_element.html\nBuild info: version: '3.141.59', revision: 'e82be7d358', time: '2018-11-14T08:17:03'\nSystem info: host: 'HUYBETI', ip: '192.168.1.11', os.name: 'Windows 10', os.arch: 'amd64', os.version: '10.0', java.version: '22.0.1'\nDriver info: org.openqa.selenium.chrome.ChromeDriver\nCapabilities {acceptInsecureCerts: false, browserName: chrome, browserVersion: 124.0.6367.91, chrome: {chromedriverVersion: 124.0.6367.91 (51df0e5e17a8..., userDataDir: C:\\Users\\ASUSRO~1\\AppData\\L...}, fedcm:accounts: true, goog:chromeOptions: {debuggerAddress: localhost:62601}, javascriptEnabled: true, networkConnectionEnabled: false, pageLoadStrategy: normal, platform: WINDOWS, platformName: WINDOWS, proxy: Proxy(), setWindowRect: true, strictFileInteractability: false, timeouts: {implicit: 0, pageLoad: 300000, script: 30000}, unhandledPromptBehavior: dismiss and notify, webauthn:extension:credBlob: true, webauthn:extension:largeBlob: true, webauthn:extension:minPinLength: true, webauthn:extension:prf: true, webauthn:virtualAuthenticators: true}\nSession ID: 9bd934cb7104e784163e61d3167caf0a\n*** Element info: {Using=xpath, value=//li[@class='city-state-zip']}\r\n\tat java.base/jdk.internal.reflect.DirectConstructorHandleAccessor.newInstance(DirectConstructorHandleAccessor.java:62)\r\n\tat java.base/java.lang.reflect.Constructor.newInstanceWithCaller(Constructor.java:502)\r\n\tat java.base/java.lang.reflect.Constructor.newInstance(Constructor.java:486)\r\n\tat org.openqa.selenium.remote.http.W3CHttpResponseCodec.createException(W3CHttpResponseCodec.java:187)\r\n\tat org.openqa.selenium.remote.http.W3CHttpResponseCodec.decode(W3CHttpResponseCodec.java:122)\r\n\tat org.openqa.selenium.remote.http.W3CHttpResponseCodec.decode(W3CHttpResponseCodec.java:49)\r\n\tat org.openqa.selenium.remote.HttpCommandExecutor.execute(HttpCommandExecutor.java:158)\r\n\tat org.openqa.selenium.remote.service.DriverCommandExecutor.execute(DriverCommandExecutor.java:83)\r\n\tat org.openqa.selenium.remote.RemoteWebDriver.execute(RemoteWebDriver.java:552)\r\n\tat org.openqa.selenium.remote.RemoteWebDriver.findElement(RemoteWebDriver.java:323)\r\n\tat org.openqa.selenium.remote.RemoteWebDriver.findElementByXPath(RemoteWebDriver.java:428)\r\n\tat org.openqa.selenium.By$ByXPath.findElement(By.java:353)\r\n\tat org.openqa.selenium.remote.RemoteWebDriver.findElement(RemoteWebDriver.java:315)\r\n\tat commons.AbstractPage.find(AbstractPage.java:113)\r\n\tat commons.AbstractPage.getTextElement(AbstractPage.java:188)\r\n\tat object.MyAccountPageObject.verifyCityStateZip(MyAccountPageObject.java:209)\r\n\tat testcase.Testcase_MyAccount_Page.Testcase_02_Add_address(Testcase_MyAccount_Page.java:145)\r\n\tat java.base/jdk.internal.reflect.DirectMethodHandleAccessor.invoke(DirectMethodHandleAccessor.java:103)\r\n\tat java.base/java.lang.reflect.Method.invoke(Method.java:580)\r\n\tat org.testng.internal.MethodInvocationHelper.invokeMethod(MethodInvocationHelper.java:133)\r\n\tat org.testng.internal.TestInvoker.invokeMethod(TestInvoker.java:598)\r\n\tat org.testng.internal.TestInvoker.invokeTestMethod(TestInvoker.java:173)\r\n\tat org.testng.internal.MethodRunner.runInSequence(MethodRunner.java:46)\r\n\tat org.testng.internal.TestInvoker$MethodInvocationAgent.invoke(TestInvoker.java:824)\r\n\tat org.testng.internal.TestInvoker.invokeTestMethods(TestInvoker.java:146)\r\n\tat org.testng.internal.TestMethodWorker.invokeTestMethods(TestMethodWorker.java:146)\r\n\tat org.testng.internal.TestMethodWorker.run(TestMethodWorker.java:128)\r\n\tat java.base/java.util.ArrayList.forEach(ArrayList.java:1597)\r\n\tat org.testng.TestRunner.privateRun(TestRunner.java:794)\r\n\tat org.testng.TestRunner.run(TestRunner.java:596)\r\n\tat org.testng.SuiteRunner.runTest(SuiteRunner.java:377)\r\n\tat org.testng.SuiteRunner.runSequentially(SuiteRunner.java:371)\r\n\tat org.testng.SuiteRunner.privateRun(SuiteRunner.java:332)\r\n\tat org.testng.SuiteRunner.run(SuiteRunner.java:276)\r\n\tat org.testng.SuiteRunnerWorker.runSuite(SuiteRunnerWorker.java:53)\r\n\tat org.testng.SuiteRunnerWorker.run(SuiteRunnerWorker.java:96)\r\n\tat org.testng.TestNG.runSuitesSequentially(TestNG.java:1212)\r\n\tat org.testng.TestNG.runSuitesLocally(TestNG.java:1134)\r\n\tat org.testng.TestNG.runSuites(TestNG.java:1063)\r\n\tat org.testng.TestNG.run(TestNG.java:1031)\r\n\tat com.intellij.rt.testng.IDEARemoteTestNG.run(IDEARemoteTestNG.java:65)\r\n\tat com.intellij.rt.testng.RemoteTestNGStarter.main(RemoteTestNGStarter.java:105)\r\n"},"stage":"finished","steps":[],"attachments":[],"parameters":[{"name":"expected","value":"Da Nang, 550000"}],"start":1714564085301,"stop":1714564100334}],"attachments":[],"parameters":[{"name":"browser","value":"chrome"}],"start":1714564081871,"stop":1714564100336}